{"/home/hugo/repos/microverse/second module/week-3/day-3-tests/To-do-list/src/storage.js": {"path":"/home/hugo/repos/microverse/second module/week-3/day-3-tests/To-do-list/src/storage.js","statementMap":{"0":{"start":{"line":2,"column":22},"end":{"line":5,"column":3}},"1":{"start":{"line":3,"column":23},"end":{"line":3,"column":57}},"2":{"start":{"line":4,"column":4},"end":{"line":4,"column":52}},"3":{"start":{"line":7,"column":23},"end":{"line":9,"column":3}},"4":{"start":{"line":8,"column":4},"end":{"line":8,"column":67}}},"fnMap":{"0":{"name":"(anonymous_0)","decl":{"start":{"line":2,"column":22},"end":{"line":2,"column":23}},"loc":{"start":{"line":2,"column":28},"end":{"line":5,"column":3}},"line":2},"1":{"name":"(anonymous_1)","decl":{"start":{"line":7,"column":23},"end":{"line":7,"column":24}},"loc":{"start":{"line":7,"column":39},"end":{"line":9,"column":3}},"line":7}},"branchMap":{"0":{"loc":{"start":{"line":4,"column":11},"end":{"line":4,"column":51}},"type":"cond-expr","locations":[{"start":{"line":4,"column":24},"end":{"line":4,"column":46}},{"start":{"line":4,"column":49},"end":{"line":4,"column":51}}],"line":4}},"s":{"0":1,"1":1,"2":1,"3":1,"4":0},"f":{"0":1,"1":0},"b":{"0":[0,1]},"_coverageSchema":"1a1c01bbd47fc00a2c39e90264f33305004495a9","hash":"3ed21a1405fdaa012fe18da25a284c11da475415"}
,"/home/hugo/repos/microverse/second module/week-3/day-3-tests/To-do-list/src/ui.js": {"path":"/home/hugo/repos/microverse/second module/week-3/day-3-tests/To-do-list/src/ui.js","statementMap":{"0":{"start":{"line":3,"column":14},"end":{"line":3,"column":27}},"1":{"start":{"line":4,"column":17},"end":{"line":4,"column":42}},"2":{"start":{"line":5,"column":18},"end":{"line":5,"column":50}},"3":{"start":{"line":9,"column":30},"end":{"line":22,"column":3}},"4":{"start":{"line":10,"column":28},"end":{"line":10,"column":43}},"5":{"start":{"line":11,"column":31},"end":{"line":11,"column":66}},"6":{"start":{"line":12,"column":21},"end":{"line":12,"column":56}},"7":{"start":{"line":13,"column":4},"end":{"line":13,"column":39}},"8":{"start":{"line":14,"column":25},"end":{"line":14,"column":63}},"9":{"start":{"line":15,"column":27},"end":{"line":15,"column":47}},"10":{"start":{"line":16,"column":4},"end":{"line":16,"column":52}},"11":{"start":{"line":17,"column":4},"end":{"line":17,"column":42}},"12":{"start":{"line":18,"column":4},"end":{"line":18,"column":46}},"13":{"start":{"line":19,"column":4},"end":{"line":19,"column":48}},"14":{"start":{"line":20,"column":4},"end":{"line":20,"column":43}},"15":{"start":{"line":21,"column":4},"end":{"line":21,"column":11}},"16":{"start":{"line":24,"column":20},"end":{"line":30,"column":3}},"17":{"start":{"line":29,"column":4},"end":{"line":29,"column":46}},"18":{"start":{"line":32,"column":30},"end":{"line":38,"column":3}},"19":{"start":{"line":33,"column":18},"end":{"line":33,"column":49}},"20":{"start":{"line":34,"column":4},"end":{"line":34,"column":41}},"21":{"start":{"line":35,"column":4},"end":{"line":35,"column":40}},"22":{"start":{"line":36,"column":4},"end":{"line":36,"column":39}},"23":{"start":{"line":37,"column":4},"end":{"line":37,"column":17}},"24":{"start":{"line":40,"column":26},"end":{"line":48,"column":3}},"25":{"start":{"line":41,"column":21},"end":{"line":41,"column":52}},"26":{"start":{"line":42,"column":4},"end":{"line":42,"column":31}},"27":{"start":{"line":43,"column":4},"end":{"line":45,"column":5}},"28":{"start":{"line":44,"column":6},"end":{"line":44,"column":50}},"29":{"start":{"line":46,"column":4},"end":{"line":46,"column":39}},"30":{"start":{"line":47,"column":4},"end":{"line":47,"column":20}},"31":{"start":{"line":50,"column":27},"end":{"line":57,"column":3}},"32":{"start":{"line":51,"column":18},"end":{"line":51,"column":49}},"33":{"start":{"line":52,"column":4},"end":{"line":52,"column":46}},"34":{"start":{"line":53,"column":4},"end":{"line":53,"column":29}},"35":{"start":{"line":54,"column":4},"end":{"line":54,"column":47}},"36":{"start":{"line":55,"column":4},"end":{"line":55,"column":42}},"37":{"start":{"line":56,"column":4},"end":{"line":56,"column":17}},"38":{"start":{"line":59,"column":25},"end":{"line":87,"column":3}},"39":{"start":{"line":60,"column":17},"end":{"line":60,"column":44}},"40":{"start":{"line":61,"column":4},"end":{"line":61,"column":55}},"41":{"start":{"line":62,"column":4},"end":{"line":62,"column":33}},"42":{"start":{"line":64,"column":17},"end":{"line":64,"column":44}},"43":{"start":{"line":65,"column":4},"end":{"line":65,"column":53}},"44":{"start":{"line":66,"column":4},"end":{"line":66,"column":33}},"45":{"start":{"line":68,"column":18},"end":{"line":68,"column":45}},"46":{"start":{"line":69,"column":4},"end":{"line":69,"column":48}},"47":{"start":{"line":70,"column":4},"end":{"line":70,"column":34}},"48":{"start":{"line":72,"column":21},"end":{"line":72,"column":48}},"49":{"start":{"line":73,"column":4},"end":{"line":73,"column":63}},"50":{"start":{"line":75,"column":4},"end":{"line":75,"column":37}},"51":{"start":{"line":76,"column":4},"end":{"line":76,"column":37}},"52":{"start":{"line":77,"column":4},"end":{"line":77,"column":34}},"53":{"start":{"line":78,"column":4},"end":{"line":78,"column":38}},"54":{"start":{"line":80,"column":22},"end":{"line":80,"column":51}},"55":{"start":{"line":81,"column":4},"end":{"line":81,"column":39}},"56":{"start":{"line":82,"column":4},"end":{"line":82,"column":32}},"57":{"start":{"line":83,"column":4},"end":{"line":83,"column":32}},"58":{"start":{"line":84,"column":4},"end":{"line":84,"column":33}},"59":{"start":{"line":85,"column":4},"end":{"line":85,"column":36}},"60":{"start":{"line":86,"column":4},"end":{"line":86,"column":21}},"61":{"start":{"line":89,"column":31},"end":{"line":100,"column":3}},"62":{"start":{"line":90,"column":4},"end":{"line":99,"column":7}},"63":{"start":{"line":91,"column":23},"end":{"line":91,"column":45}},"64":{"start":{"line":92,"column":20},"end":{"line":92,"column":72}},"65":{"start":{"line":93,"column":27},"end":{"line":93,"column":36}},"66":{"start":{"line":94,"column":6},"end":{"line":98,"column":7}},"67":{"start":{"line":95,"column":8},"end":{"line":95,"column":49}},"68":{"start":{"line":97,"column":8},"end":{"line":97,"column":50}},"69":{"start":{"line":102,"column":27},"end":{"line":112,"column":3}},"70":{"start":{"line":103,"column":4},"end":{"line":111,"column":7}},"71":{"start":{"line":105,"column":6},"end":{"line":105,"column":40}},"72":{"start":{"line":107,"column":23},"end":{"line":107,"column":59}},"73":{"start":{"line":108,"column":27},"end":{"line":108,"column":74}},"74":{"start":{"line":109,"column":6},"end":{"line":109,"column":47}},"75":{"start":{"line":110,"column":6},"end":{"line":110,"column":27}},"76":{"start":{"line":114,"column":27},"end":{"line":126,"column":3}},"77":{"start":{"line":115,"column":4},"end":{"line":125,"column":7}},"78":{"start":{"line":117,"column":6},"end":{"line":117,"column":40}},"79":{"start":{"line":119,"column":23},"end":{"line":119,"column":59}},"80":{"start":{"line":120,"column":27},"end":{"line":120,"column":74}},"81":{"start":{"line":121,"column":6},"end":{"line":121,"column":56}},"82":{"start":{"line":123,"column":28},"end":{"line":123,"column":73}},"83":{"start":{"line":124,"column":6},"end":{"line":124,"column":65}},"84":{"start":{"line":128,"column":29},"end":{"line":136,"column":3}},"85":{"start":{"line":129,"column":4},"end":{"line":135,"column":7}},"86":{"start":{"line":130,"column":23},"end":{"line":130,"column":59}},"87":{"start":{"line":132,"column":20},"end":{"line":132,"column":71}},"88":{"start":{"line":133,"column":6},"end":{"line":133,"column":24}},"89":{"start":{"line":134,"column":6},"end":{"line":134,"column":29}},"90":{"start":{"line":139,"column":30},"end":{"line":147,"column":3}},"91":{"start":{"line":140,"column":4},"end":{"line":146,"column":7}},"92":{"start":{"line":141,"column":6},"end":{"line":141,"column":39}},"93":{"start":{"line":142,"column":21},"end":{"line":142,"column":43}},"94":{"start":{"line":144,"column":6},"end":{"line":144,"column":75}},"95":{"start":{"line":145,"column":6},"end":{"line":145,"column":67}},"96":{"start":{"line":149,"column":31},"end":{"line":161,"column":3}},"97":{"start":{"line":150,"column":4},"end":{"line":160,"column":7}},"98":{"start":{"line":151,"column":23},"end":{"line":151,"column":45}},"99":{"start":{"line":152,"column":27},"end":{"line":152,"column":74}},"100":{"start":{"line":153,"column":6},"end":{"line":159,"column":7}},"101":{"start":{"line":154,"column":8},"end":{"line":154,"column":52}},"102":{"start":{"line":155,"column":8},"end":{"line":155,"column":48}},"103":{"start":{"line":157,"column":8},"end":{"line":157,"column":49}},"104":{"start":{"line":158,"column":8},"end":{"line":158,"column":51}},"105":{"start":{"line":163,"column":28},"end":{"line":176,"column":3}},"106":{"start":{"line":164,"column":26},"end":{"line":164,"column":41}},"107":{"start":{"line":165,"column":4},"end":{"line":165,"column":71}},"108":{"start":{"line":165,"column":45},"end":{"line":165,"column":69}},"109":{"start":{"line":166,"column":4},"end":{"line":166,"column":26}},"110":{"start":{"line":167,"column":4},"end":{"line":167,"column":41}},"111":{"start":{"line":169,"column":25},"end":{"line":169,"column":80}},"112":{"start":{"line":169,"column":56},"end":{"line":169,"column":79}},"113":{"start":{"line":170,"column":4},"end":{"line":175,"column":7}},"114":{"start":{"line":171,"column":24},"end":{"line":171,"column":28}},"115":{"start":{"line":172,"column":25},"end":{"line":172,"column":74}},"116":{"start":{"line":173,"column":32},"end":{"line":173,"column":42}},"117":{"start":{"line":174,"column":6},"end":{"line":174,"column":29}},"118":{"start":{"line":178,"column":27},"end":{"line":181,"column":3}},"119":{"start":{"line":179,"column":4},"end":{"line":179,"column":39}},"120":{"start":{"line":180,"column":4},"end":{"line":180,"column":42}},"121":{"start":{"line":183,"column":28},"end":{"line":186,"column":3}},"122":{"start":{"line":184,"column":4},"end":{"line":184,"column":26}},"123":{"start":{"line":185,"column":4},"end":{"line":185,"column":41}},"124":{"start":{"line":188,"column":24},"end":{"line":191,"column":3}},"125":{"start":{"line":189,"column":23},"end":{"line":189,"column":48}},"126":{"start":{"line":190,"column":4},"end":{"line":190,"column":22}},"127":{"start":{"line":193,"column":24},"end":{"line":199,"column":3}},"128":{"start":{"line":194,"column":18},"end":{"line":194,"column":28}},"129":{"start":{"line":195,"column":25},"end":{"line":195,"column":34}},"130":{"start":{"line":197,"column":4},"end":{"line":197,"column":54}},"131":{"start":{"line":198,"column":4},"end":{"line":198,"column":41}},"132":{"start":{"line":201,"column":22},"end":{"line":206,"column":3}},"133":{"start":{"line":202,"column":25},"end":{"line":202,"column":35}},"134":{"start":{"line":203,"column":4},"end":{"line":203,"column":39}},"135":{"start":{"line":204,"column":4},"end":{"line":204,"column":35}},"136":{"start":{"line":205,"column":4},"end":{"line":205,"column":11}},"137":{"start":{"line":209,"column":23},"end":{"line":214,"column":3}},"138":{"start":{"line":210,"column":4},"end":{"line":212,"column":5}},"139":{"start":{"line":210,"column":17},"end":{"line":210,"column":27}},"140":{"start":{"line":211,"column":6},"end":{"line":211,"column":31}},"141":{"start":{"line":213,"column":4},"end":{"line":213,"column":41}},"142":{"start":{"line":216,"column":26},"end":{"line":222,"column":3}},"143":{"start":{"line":217,"column":24},"end":{"line":217,"column":25}},"144":{"start":{"line":218,"column":4},"end":{"line":221,"column":7}},"145":{"start":{"line":219,"column":6},"end":{"line":219,"column":25}},"146":{"start":{"line":220,"column":6},"end":{"line":220,"column":33}},"147":{"start":{"line":224,"column":31},"end":{"line":224,"column":54}},"148":{"start":{"line":224,"column":37},"end":{"line":224,"column":54}},"149":{"start":{"line":226,"column":27},"end":{"line":229,"column":3}},"150":{"start":{"line":227,"column":4},"end":{"line":227,"column":47}},"151":{"start":{"line":228,"column":4},"end":{"line":228,"column":41}}},"fnMap":{"0":{"name":"(anonymous_0)","decl":{"start":{"line":9,"column":30},"end":{"line":9,"column":31}},"loc":{"start":{"line":9,"column":40},"end":{"line":22,"column":3}},"line":9},"1":{"name":"(anonymous_1)","decl":{"start":{"line":24,"column":20},"end":{"line":24,"column":21}},"loc":{"start":{"line":24,"column":26},"end":{"line":30,"column":3}},"line":24},"2":{"name":"(anonymous_2)","decl":{"start":{"line":32,"column":30},"end":{"line":32,"column":31}},"loc":{"start":{"line":32,"column":41},"end":{"line":38,"column":3}},"line":32},"3":{"name":"(anonymous_3)","decl":{"start":{"line":40,"column":26},"end":{"line":40,"column":27}},"loc":{"start":{"line":40,"column":37},"end":{"line":48,"column":3}},"line":40},"4":{"name":"(anonymous_4)","decl":{"start":{"line":50,"column":27},"end":{"line":50,"column":28}},"loc":{"start":{"line":50,"column":43},"end":{"line":57,"column":3}},"line":50},"5":{"name":"(anonymous_5)","decl":{"start":{"line":59,"column":25},"end":{"line":59,"column":26}},"loc":{"start":{"line":59,"column":31},"end":{"line":87,"column":3}},"line":59},"6":{"name":"(anonymous_6)","decl":{"start":{"line":89,"column":31},"end":{"line":89,"column":32}},"loc":{"start":{"line":89,"column":41},"end":{"line":100,"column":3}},"line":89},"7":{"name":"(anonymous_7)","decl":{"start":{"line":90,"column":35},"end":{"line":90,"column":36}},"loc":{"start":{"line":90,"column":42},"end":{"line":99,"column":5}},"line":90},"8":{"name":"(anonymous_8)","decl":{"start":{"line":102,"column":27},"end":{"line":102,"column":28}},"loc":{"start":{"line":102,"column":43},"end":{"line":112,"column":3}},"line":102},"9":{"name":"(anonymous_9)","decl":{"start":{"line":103,"column":35},"end":{"line":103,"column":36}},"loc":{"start":{"line":103,"column":42},"end":{"line":111,"column":5}},"line":103},"10":{"name":"(anonymous_10)","decl":{"start":{"line":114,"column":27},"end":{"line":114,"column":28}},"loc":{"start":{"line":114,"column":43},"end":{"line":126,"column":3}},"line":114},"11":{"name":"(anonymous_11)","decl":{"start":{"line":115,"column":35},"end":{"line":115,"column":36}},"loc":{"start":{"line":115,"column":42},"end":{"line":125,"column":5}},"line":115},"12":{"name":"(anonymous_12)","decl":{"start":{"line":128,"column":29},"end":{"line":128,"column":30}},"loc":{"start":{"line":128,"column":39},"end":{"line":136,"column":3}},"line":128},"13":{"name":"(anonymous_13)","decl":{"start":{"line":129,"column":35},"end":{"line":129,"column":36}},"loc":{"start":{"line":129,"column":42},"end":{"line":135,"column":5}},"line":129},"14":{"name":"(anonymous_14)","decl":{"start":{"line":139,"column":30},"end":{"line":139,"column":31}},"loc":{"start":{"line":139,"column":40},"end":{"line":147,"column":3}},"line":139},"15":{"name":"(anonymous_15)","decl":{"start":{"line":140,"column":35},"end":{"line":140,"column":36}},"loc":{"start":{"line":140,"column":42},"end":{"line":146,"column":5}},"line":140},"16":{"name":"(anonymous_16)","decl":{"start":{"line":149,"column":31},"end":{"line":149,"column":32}},"loc":{"start":{"line":149,"column":41},"end":{"line":161,"column":3}},"line":149},"17":{"name":"(anonymous_17)","decl":{"start":{"line":150,"column":35},"end":{"line":150,"column":36}},"loc":{"start":{"line":150,"column":42},"end":{"line":160,"column":5}},"line":150},"18":{"name":"(anonymous_18)","decl":{"start":{"line":163,"column":28},"end":{"line":163,"column":29}},"loc":{"start":{"line":163,"column":34},"end":{"line":176,"column":3}},"line":163},"19":{"name":"(anonymous_19)","decl":{"start":{"line":165,"column":35},"end":{"line":165,"column":36}},"loc":{"start":{"line":165,"column":45},"end":{"line":165,"column":69}},"line":165},"20":{"name":"(anonymous_20)","decl":{"start":{"line":169,"column":46},"end":{"line":169,"column":47}},"loc":{"start":{"line":169,"column":56},"end":{"line":169,"column":79}},"line":169},"21":{"name":"(anonymous_21)","decl":{"start":{"line":170,"column":25},"end":{"line":170,"column":26}},"loc":{"start":{"line":170,"column":35},"end":{"line":175,"column":5}},"line":170},"22":{"name":"(anonymous_22)","decl":{"start":{"line":178,"column":27},"end":{"line":178,"column":28}},"loc":{"start":{"line":178,"column":55},"end":{"line":181,"column":3}},"line":178},"23":{"name":"(anonymous_23)","decl":{"start":{"line":183,"column":28},"end":{"line":183,"column":29}},"loc":{"start":{"line":183,"column":38},"end":{"line":186,"column":3}},"line":183},"24":{"name":"(anonymous_24)","decl":{"start":{"line":188,"column":24},"end":{"line":188,"column":25}},"loc":{"start":{"line":188,"column":30},"end":{"line":191,"column":3}},"line":188},"25":{"name":"(anonymous_25)","decl":{"start":{"line":193,"column":24},"end":{"line":193,"column":25}},"loc":{"start":{"line":193,"column":51},"end":{"line":199,"column":3}},"line":193},"26":{"name":"(anonymous_26)","decl":{"start":{"line":201,"column":22},"end":{"line":201,"column":23}},"loc":{"start":{"line":201,"column":33},"end":{"line":206,"column":3}},"line":201},"27":{"name":"(anonymous_27)","decl":{"start":{"line":209,"column":23},"end":{"line":209,"column":24}},"loc":{"start":{"line":209,"column":39},"end":{"line":214,"column":3}},"line":209},"28":{"name":"(anonymous_28)","decl":{"start":{"line":216,"column":26},"end":{"line":216,"column":27}},"loc":{"start":{"line":216,"column":32},"end":{"line":222,"column":3}},"line":216},"29":{"name":"(anonymous_29)","decl":{"start":{"line":218,"column":23},"end":{"line":218,"column":24}},"loc":{"start":{"line":218,"column":33},"end":{"line":221,"column":5}},"line":218},"30":{"name":"(anonymous_30)","decl":{"start":{"line":224,"column":31},"end":{"line":224,"column":32}},"loc":{"start":{"line":224,"column":37},"end":{"line":224,"column":54}},"line":224},"31":{"name":"(anonymous_31)","decl":{"start":{"line":226,"column":27},"end":{"line":226,"column":28}},"loc":{"start":{"line":226,"column":52},"end":{"line":229,"column":3}},"line":226}},"branchMap":{"0":{"loc":{"start":{"line":43,"column":4},"end":{"line":45,"column":5}},"type":"if","locations":[{"start":{"line":43,"column":4},"end":{"line":45,"column":5}},{"start":{},"end":{}}],"line":43},"1":{"loc":{"start":{"line":94,"column":6},"end":{"line":98,"column":7}},"type":"if","locations":[{"start":{"line":94,"column":6},"end":{"line":98,"column":7}},{"start":{"line":96,"column":13},"end":{"line":98,"column":7}}],"line":94},"2":{"loc":{"start":{"line":153,"column":6},"end":{"line":159,"column":7}},"type":"if","locations":[{"start":{"line":153,"column":6},"end":{"line":159,"column":7}},{"start":{"line":156,"column":13},"end":{"line":159,"column":7}}],"line":153}},"s":{"0":1,"1":1,"2":1,"3":1,"4":1,"5":1,"6":1,"7":1,"8":1,"9":1,"10":1,"11":0,"12":0,"13":0,"14":0,"15":0,"16":1,"17":1,"18":1,"19":1,"20":1,"21":1,"22":1,"23":1,"24":1,"25":1,"26":1,"27":1,"28":0,"29":1,"30":1,"31":1,"32":1,"33":1,"34":1,"35":1,"36":1,"37":1,"38":1,"39":1,"40":1,"41":1,"42":1,"43":1,"44":1,"45":1,"46":1,"47":1,"48":1,"49":1,"50":1,"51":1,"52":1,"53":1,"54":1,"55":1,"56":1,"57":1,"58":1,"59":1,"60":1,"61":1,"62":1,"63":0,"64":0,"65":0,"66":0,"67":0,"68":0,"69":1,"70":1,"71":0,"72":0,"73":0,"74":0,"75":0,"76":1,"77":1,"78":0,"79":0,"80":0,"81":0,"82":0,"83":0,"84":1,"85":1,"86":0,"87":0,"88":0,"89":0,"90":1,"91":1,"92":0,"93":0,"94":0,"95":0,"96":1,"97":1,"98":0,"99":0,"100":0,"101":0,"102":0,"103":0,"104":0,"105":1,"106":0,"107":0,"108":0,"109":0,"110":0,"111":0,"112":0,"113":0,"114":0,"115":0,"116":0,"117":0,"118":1,"119":0,"120":0,"121":1,"122":0,"123":0,"124":1,"125":0,"126":0,"127":1,"128":0,"129":0,"130":0,"131":0,"132":1,"133":0,"134":0,"135":0,"136":0,"137":1,"138":0,"139":0,"140":0,"141":0,"142":1,"143":0,"144":0,"145":0,"146":0,"147":1,"148":0,"149":1,"150":0,"151":0},"f":{"0":1,"1":1,"2":1,"3":1,"4":1,"5":1,"6":1,"7":0,"8":1,"9":0,"10":1,"11":0,"12":1,"13":0,"14":1,"15":0,"16":1,"17":0,"18":0,"19":0,"20":0,"21":0,"22":0,"23":0,"24":0,"25":0,"26":0,"27":0,"28":0,"29":0,"30":0,"31":0},"b":{"0":[0,1],"1":[0,0],"2":[0,0]},"_coverageSchema":"1a1c01bbd47fc00a2c39e90264f33305004495a9","hash":"ae77d1fda568620e9c51959703b4c0488381b2b0"}
}
