TN:
SF:src/storage.js
FN:2,(anonymous_0)
FN:7,(anonymous_1)
FNF:2
FNH:1
FNDA:1,(anonymous_0)
FNDA:0,(anonymous_1)
DA:2,1
DA:3,1
DA:4,1
DA:7,1
DA:8,0
LF:5
LH:4
BRDA:4,0,0,0
BRDA:4,0,1,1
BRF:2
BRH:1
end_of_record
TN:
SF:src/ui.js
FN:9,(anonymous_0)
FN:24,(anonymous_1)
FN:32,(anonymous_2)
FN:40,(anonymous_3)
FN:50,(anonymous_4)
FN:59,(anonymous_5)
FN:89,(anonymous_6)
FN:90,(anonymous_7)
FN:102,(anonymous_8)
FN:103,(anonymous_9)
FN:114,(anonymous_10)
FN:115,(anonymous_11)
FN:128,(anonymous_12)
FN:129,(anonymous_13)
FN:139,(anonymous_14)
FN:140,(anonymous_15)
FN:149,(anonymous_16)
FN:150,(anonymous_17)
FN:163,(anonymous_18)
FN:165,(anonymous_19)
FN:169,(anonymous_20)
FN:170,(anonymous_21)
FN:178,(anonymous_22)
FN:183,(anonymous_23)
FN:188,(anonymous_24)
FN:193,(anonymous_25)
FN:201,(anonymous_26)
FN:209,(anonymous_27)
FN:216,(anonymous_28)
FN:218,(anonymous_29)
FN:224,(anonymous_30)
FN:226,(anonymous_31)
FNF:32
FNH:12
FNDA:1,(anonymous_0)
FNDA:1,(anonymous_1)
FNDA:1,(anonymous_2)
FNDA:1,(anonymous_3)
FNDA:1,(anonymous_4)
FNDA:1,(anonymous_5)
FNDA:1,(anonymous_6)
FNDA:0,(anonymous_7)
FNDA:1,(anonymous_8)
FNDA:0,(anonymous_9)
FNDA:1,(anonymous_10)
FNDA:0,(anonymous_11)
FNDA:1,(anonymous_12)
FNDA:0,(anonymous_13)
FNDA:1,(anonymous_14)
FNDA:0,(anonymous_15)
FNDA:1,(anonymous_16)
FNDA:0,(anonymous_17)
FNDA:0,(anonymous_18)
FNDA:0,(anonymous_19)
FNDA:0,(anonymous_20)
FNDA:0,(anonymous_21)
FNDA:0,(anonymous_22)
FNDA:0,(anonymous_23)
FNDA:0,(anonymous_24)
FNDA:0,(anonymous_25)
FNDA:0,(anonymous_26)
FNDA:0,(anonymous_27)
FNDA:0,(anonymous_28)
FNDA:0,(anonymous_29)
FNDA:0,(anonymous_30)
FNDA:0,(anonymous_31)
DA:3,1
DA:4,1
DA:5,1
DA:9,1
DA:10,1
DA:11,1
DA:12,1
DA:13,1
DA:14,1
DA:15,1
DA:16,1
DA:17,0
DA:18,0
DA:19,0
DA:20,0
DA:21,0
DA:24,1
DA:29,1
DA:32,1
DA:33,1
DA:34,1
DA:35,1
DA:36,1
DA:37,1
DA:40,1
DA:41,1
DA:42,1
DA:43,1
DA:44,0
DA:46,1
DA:47,1
DA:50,1
DA:51,1
DA:52,1
DA:53,1
DA:54,1
DA:55,1
DA:56,1
DA:59,1
DA:60,1
DA:61,1
DA:62,1
DA:64,1
DA:65,1
DA:66,1
DA:68,1
DA:69,1
DA:70,1
DA:72,1
DA:73,1
DA:75,1
DA:76,1
DA:77,1
DA:78,1
DA:80,1
DA:81,1
DA:82,1
DA:83,1
DA:84,1
DA:85,1
DA:86,1
DA:89,1
DA:90,1
DA:91,0
DA:92,0
DA:93,0
DA:94,0
DA:95,0
DA:97,0
DA:102,1
DA:103,1
DA:105,0
DA:107,0
DA:108,0
DA:109,0
DA:110,0
DA:114,1
DA:115,1
DA:117,0
DA:119,0
DA:120,0
DA:121,0
DA:123,0
DA:124,0
DA:128,1
DA:129,1
DA:130,0
DA:132,0
DA:133,0
DA:134,0
DA:139,1
DA:140,1
DA:141,0
DA:142,0
DA:144,0
DA:145,0
DA:149,1
DA:150,1
DA:151,0
DA:152,0
DA:153,0
DA:154,0
DA:155,0
DA:157,0
DA:158,0
DA:163,1
DA:164,0
DA:165,0
DA:166,0
DA:167,0
DA:169,0
DA:170,0
DA:171,0
DA:172,0
DA:173,0
DA:174,0
DA:178,1
DA:179,0
DA:180,0
DA:183,1
DA:184,0
DA:185,0
DA:188,1
DA:189,0
DA:190,0
DA:193,1
DA:194,0
DA:195,0
DA:197,0
DA:198,0
DA:201,1
DA:202,0
DA:203,0
DA:204,0
DA:205,0
DA:209,1
DA:210,0
DA:211,0
DA:213,0
DA:216,1
DA:217,0
DA:218,0
DA:219,0
DA:220,0
DA:224,1
DA:226,1
DA:227,0
DA:228,0
LF:148
LH:77
BRDA:43,0,0,0
BRDA:43,0,1,1
BRDA:94,1,0,0
BRDA:94,1,1,0
BRDA:153,2,0,0
BRDA:153,2,1,0
BRF:6
BRH:1
end_of_record
